2024-10-16T14:32:00.152Z error: scrapeAllMangaPages implemented
Error: scrapeAllMangaPages implemented
    at MangaYuriScraper.scrapeAllMangaPages (/Users/hoanlekhai/Documents/project-github/scraper-cli-data/src/core/MangaScraper.ts:21:11)
    at <anonymous> (/Users/hoanlekhai/Documents/project-github/scraper-cli-data/src/cli/commands/scraper-cli.ts:57:24)
    at readFileAndFallback (/Users/hoanlekhai/Documents/project-github/scraper-cli-data/src/cli/commands/scraper-cli.ts:91:20)
    at Command.<anonymous> (/Users/hoanlekhai/Documents/project-github/scraper-cli-data/src/cli/commands/scraper-cli.ts:56:25)
2024-10-16T14:33:09.467Z error: Cannot read properties of undefined (reading 'load')
TypeError: Cannot read properties of undefined (reading 'load')
    at MangaYuriScraper.scrapeMangaPage (/Users/hoanlekhai/Documents/project-github/scraper-cli-data/src/scrapers/manga/yuri.ts:18:25)
    at process.processTicksAndRejections (node:internal/process/task_queues:95:5)
    at MangaYuriScraper.scrapeAllPages (/Users/hoanlekhai/Documents/project-github/scraper-cli-data/src/core/Scraper.ts:65:24)
    at MangaYuriScraper.scrapeAllMangaPages (/Users/hoanlekhai/Documents/project-github/scraper-cli-data/src/core/MangaScraper.ts:23:18)
    at readFileAndFallback (/Users/hoanlekhai/Documents/project-github/scraper-cli-data/src/cli/commands/scraper-cli.ts:78:16)
    at Command.<anonymous> (/Users/hoanlekhai/Documents/project-github/scraper-cli-data/src/cli/commands/scraper-cli.ts:56:25)
2024-10-16T14:34:39.049Z error: Cannot read properties of undefined (reading 'load')
TypeError: Cannot read properties of undefined (reading 'load')
    at MangaYuriScraper.scrapeMangaPage (/Users/hoanlekhai/Documents/project-github/scraper-cli-data/src/scrapers/manga/yuri.ts:18:25)
    at process.processTicksAndRejections (node:internal/process/task_queues:95:5)
    at MangaYuriScraper.scrapeAllPages (/Users/hoanlekhai/Documents/project-github/scraper-cli-data/src/core/Scraper.ts:65:24)
    at MangaYuriScraper.scrapeAllMangaPages (/Users/hoanlekhai/Documents/project-github/scraper-cli-data/src/core/MangaScraper.ts:23:18)
    at readFileAndFallback (/Users/hoanlekhai/Documents/project-github/scraper-cli-data/src/cli/commands/scraper-cli.ts:78:16)
    at Command.<anonymous> (/Users/hoanlekhai/Documents/project-github/scraper-cli-data/src/cli/commands/scraper-cli.ts:56:25)
2024-10-16T14:35:19.420Z error: Cannot read properties of undefined (reading 'load')
TypeError: Cannot read properties of undefined (reading 'load')
    at MangaYuriScraper.scrapeMangaPage (/Users/hoanlekhai/Documents/project-github/scraper-cli-data/src/scrapers/manga/yuri.ts:19:25)
    at process.processTicksAndRejections (node:internal/process/task_queues:95:5)
    at MangaYuriScraper.scrapeAllPages (/Users/hoanlekhai/Documents/project-github/scraper-cli-data/src/core/Scraper.ts:65:24)
    at MangaYuriScraper.scrapeAllMangaPages (/Users/hoanlekhai/Documents/project-github/scraper-cli-data/src/core/MangaScraper.ts:23:18)
    at readFileAndFallback (/Users/hoanlekhai/Documents/project-github/scraper-cli-data/src/cli/commands/scraper-cli.ts:78:16)
    at Command.<anonymous> (/Users/hoanlekhai/Documents/project-github/scraper-cli-data/src/cli/commands/scraper-cli.ts:56:25)
2024-10-16T15:11:12.075Z error: Cannot read properties of undefined (reading 'load')
TypeError: Cannot read properties of undefined (reading 'load')
    at MangaYuriScraper.scrapeMangaPage (/Users/hoanlekhai/Documents/project-github/scraper-cli-data/src/scrapers/manga/yuri.ts:20:25)
    at MangaYuriScraper.scrapeAllPages (/Users/hoanlekhai/Documents/project-github/scraper-cli-data/src/core/Scraper.ts:69:24)
    at MangaYuriScraper.scrapeAllMangaPages (/Users/hoanlekhai/Documents/project-github/scraper-cli-data/src/core/MangaScraper.ts:23:18)
    at Command.<anonymous> (/Users/hoanlekhai/Documents/project-github/scraper-cli-data/src/cli/commands/scraper-cli.ts:56:25)
2024-10-16T15:13:30.163Z error: Cannot read properties of undefined (reading 'load')
TypeError: Cannot read properties of undefined (reading 'load')
    at MangaYuriScraper.scrapeMangaPage (/Users/hoanlekhai/Documents/project-github/scraper-cli-data/src/scrapers/manga/yuri.ts:20:25)
    at MangaYuriScraper.scrapeAllPages (/Users/hoanlekhai/Documents/project-github/scraper-cli-data/src/core/Scraper.ts:69:24)
    at MangaYuriScraper.scrapeAllMangaPages (/Users/hoanlekhai/Documents/project-github/scraper-cli-data/src/core/MangaScraper.ts:23:18)
    at Command.<anonymous> (/Users/hoanlekhai/Documents/project-github/scraper-cli-data/src/cli/commands/scraper-cli.ts:56:25)
2024-10-16T15:16:07.123Z error: Cannot read properties of undefined (reading 'load')
TypeError: Cannot read properties of undefined (reading 'load')
    at MangaYuriScraper.scrapeMangaPage (/Users/hoanlekhai/Documents/project-github/scraper-cli-data/src/scrapers/manga/yuri.ts:20:25)
    at MangaYuriScraper.scrapeAllPages (/Users/hoanlekhai/Documents/project-github/scraper-cli-data/src/core/Scraper.ts:69:24)
    at MangaYuriScraper.scrapeAllMangaPages (/Users/hoanlekhai/Documents/project-github/scraper-cli-data/src/core/MangaScraper.ts:23:18)
    at Command.<anonymous> (/Users/hoanlekhai/Documents/project-github/scraper-cli-data/src/cli/commands/scraper-cli.ts:56:25)
2024-10-16T15:18:15.262Z error: Cannot read properties of undefined (reading 'load')
TypeError: Cannot read properties of undefined (reading 'load')
    at MangaYuriScraper.scrapeMangaPage (/Users/hoanlekhai/Documents/project-github/scraper-cli-data/src/scrapers/manga/yuri.ts:20:25)
    at MangaYuriScraper.scrapeAllPages (/Users/hoanlekhai/Documents/project-github/scraper-cli-data/src/core/Scraper.ts:69:24)
    at MangaYuriScraper.scrapeAllMangaPages (/Users/hoanlekhai/Documents/project-github/scraper-cli-data/src/core/MangaScraper.ts:23:18)
    at Command.<anonymous> (/Users/hoanlekhai/Documents/project-github/scraper-cli-data/src/cli/commands/scraper-cli.ts:56:25)
2024-10-16T15:25:02.277Z error: Cannot read properties of undefined (reading 'load')
TypeError: Cannot read properties of undefined (reading 'load')
    at MangaYuriScraper.scrapeMangaPage (/Users/hoanlekhai/Documents/project-github/scraper-cli-data/src/scrapers/manga/yuri.ts:20:25)
    at MangaYuriScraper.scrapeAllPages (/Users/hoanlekhai/Documents/project-github/scraper-cli-data/src/core/Scraper.ts:69:24)
    at MangaYuriScraper.scrapeAllMangaPages (/Users/hoanlekhai/Documents/project-github/scraper-cli-data/src/core/MangaScraper.ts:23:18)
    at Command.<anonymous> (/Users/hoanlekhai/Documents/project-github/scraper-cli-data/src/cli/commands/scraper-cli.ts:56:25)
2024-10-16T15:28:52.607Z error: Cannot read properties of undefined (reading 'load')
TypeError: Cannot read properties of undefined (reading 'load')
    at MangaYuriScraper.scrapeMangaPage (/Users/hoanlekhai/Documents/project-github/scraper-cli-data/src/scrapers/manga/yuri.ts:20:25)
    at MangaYuriScraper.scrapeAllPages (/Users/hoanlekhai/Documents/project-github/scraper-cli-data/src/core/Scraper.ts:69:24)
    at MangaYuriScraper.scrapeAllMangaPages (/Users/hoanlekhai/Documents/project-github/scraper-cli-data/src/core/MangaScraper.ts:23:18)
    at Command.<anonymous> (/Users/hoanlekhai/Documents/project-github/scraper-cli-data/src/cli/commands/scraper-cli.ts:56:25)
